Determining if the pthread_create exist failed with the following output:
Change Dir: /home/turtlebot/gps_ws/build/CMakeFiles/CMakeTmp

Run Build Command:/usr/bin/make "cmTryCompileExec461856484/fast"
/usr/bin/make -f CMakeFiles/cmTryCompileExec461856484.dir/build.make CMakeFiles/cmTryCompileExec461856484.dir/build
make[1]: 正在进入目录 `/home/turtlebot/gps_ws/build/CMakeFiles/CMakeTmp'
/usr/bin/cmake -E cmake_progress_report /home/turtlebot/gps_ws/build/CMakeFiles/CMakeTmp/CMakeFiles 1
Building C object CMakeFiles/cmTryCompileExec461856484.dir/CheckSymbolExists.c.o
/usr/bin/cc    -o CMakeFiles/cmTryCompileExec461856484.dir/CheckSymbolExists.c.o   -c /home/turtlebot/gps_ws/build/CMakeFiles/CMakeTmp/CheckSymbolExists.c
Linking C executable cmTryCompileExec461856484
/usr/bin/cmake -E cmake_link_script CMakeFiles/cmTryCompileExec461856484.dir/link.txt --verbose=1
/usr/bin/cc       CMakeFiles/cmTryCompileExec461856484.dir/CheckSymbolExists.c.o  -o cmTryCompileExec461856484 -rdynamic 
CMakeFiles/cmTryCompileExec461856484.dir/CheckSymbolExists.c.o：在函数‘main’中：
CheckSymbolExists.c:(.text+0x16)：对‘pthread_create’未定义的引用
collect2: error: ld returned 1 exit status
make[1]: *** [cmTryCompileExec461856484] 错误 1
make[1]:正在离开目录 `/home/turtlebot/gps_ws/build/CMakeFiles/CMakeTmp'
make: *** [cmTryCompileExec461856484/fast] 错误 2

File /home/turtlebot/gps_ws/build/CMakeFiles/CMakeTmp/CheckSymbolExists.c:
/* */
#include <pthread.h>

int main(int argc, char** argv)
{
  (void)argv;
#ifndef pthread_create
  return ((int*)(&pthread_create))[argc];
#else
  (void)argc;
  return 0;
#endif
}

Determining if the function pthread_create exists in the pthreads failed with the following output:
Change Dir: /home/turtlebot/gps_ws/build/CMakeFiles/CMakeTmp

Run Build Command:/usr/bin/make "cmTryCompileExec348723869/fast"
/usr/bin/make -f CMakeFiles/cmTryCompileExec348723869.dir/build.make CMakeFiles/cmTryCompileExec348723869.dir/build
make[1]: 正在进入目录 `/home/turtlebot/gps_ws/build/CMakeFiles/CMakeTmp'
/usr/bin/cmake -E cmake_progress_report /home/turtlebot/gps_ws/build/CMakeFiles/CMakeTmp/CMakeFiles 1
Building C object CMakeFiles/cmTryCompileExec348723869.dir/CheckFunctionExists.c.o
/usr/bin/cc   -DCHECK_FUNCTION_EXISTS=pthread_create   -o CMakeFiles/cmTryCompileExec348723869.dir/CheckFunctionExists.c.o   -c /usr/share/cmake-2.8/Modules/CheckFunctionExists.c
Linking C executable cmTryCompileExec348723869
/usr/bin/cmake -E cmake_link_script CMakeFiles/cmTryCompileExec348723869.dir/link.txt --verbose=1
/usr/bin/cc   -DCHECK_FUNCTION_EXISTS=pthread_create    CMakeFiles/cmTryCompileExec348723869.dir/CheckFunctionExists.c.o  -o cmTryCompileExec348723869 -rdynamic -lpthreads 
/usr/bin/ld: 找不到 -lpthreads
collect2: error: ld returned 1 exit status
make[1]: *** [cmTryCompileExec348723869] 错误 1
make[1]:正在离开目录 `/home/turtlebot/gps_ws/build/CMakeFiles/CMakeTmp'
make: *** [cmTryCompileExec348723869/fast] 错误 2


